<?xml version="1.0" encoding="UTF-8"?>
<!-- Generated by org.testng.reporters.JUnitReportReporter -->
<testsuite hostname="HGT-LAP-359" failures="0" tests="1" name="testCase.upload" time="133.625" errors="0" timestamp="2024-01-04T16:05:42 IST" skipped="0">
  <testcase classname="testCase.upload" name="verify" time="133.625"/>
</testsuite> <!-- testCase.upload -->
