<?xml version="1.0" encoding="UTF-8"?>
<!-- Generated by org.testng.reporters.JUnitReportReporter -->
<testsuite hostname="HGT-LAP-359" failures="0" tests="1" name="testCase.loginTestcase" time="11.411" errors="0" timestamp="2024-01-09T11:55:17 IST" skipped="0">
  <testcase classname="testCase.loginTestcase" name="verifyLoginWithInvalidCredentials" time="11.411"/>
</testsuite> <!-- testCase.loginTestcase -->
